[debug] [2023-06-19T09:23:40.406Z] ----------------------------------------------------------------------
[debug] [2023-06-19T09:23:40.409Z] Command:       /usr/bin/node /usr/local/bin/firebase login
[debug] [2023-06-19T09:23:40.409Z] CLI Version:   12.4.0
[debug] [2023-06-19T09:23:40.410Z] Platform:      linux
[debug] [2023-06-19T09:23:40.410Z] Node Version:  v18.13.0
[debug] [2023-06-19T09:23:40.410Z] Time:          Mon Jun 19 2023 14:53:40 GMT+0530 (India Standard Time)
[debug] [2023-06-19T09:23:40.410Z] ----------------------------------------------------------------------
[debug] 
[info] Already logged in as kalaiselvan1623@gmail.com
[debug] [2023-06-19T09:23:50.578Z] Error: Timed out.
    at Timeout._onTimeout (/usr/local/lib/node_modules/firebase-tools/lib/utils.js:253:49)
    at listOnTimeout (node:internal/timers:564:17)
    at process.processTimers (node:internal/timers:507:7)
[error] 
[error] Error: An unexpected error has occurred.
[debug] [2023-06-19T09:24:23.054Z] ----------------------------------------------------------------------
[debug] [2023-06-19T09:24:23.057Z] Command:       /usr/bin/node /usr/local/bin/firebase deploy
[debug] [2023-06-19T09:24:23.058Z] CLI Version:   12.4.0
[debug] [2023-06-19T09:24:23.058Z] Platform:      linux
[debug] [2023-06-19T09:24:23.058Z] Node Version:  v18.13.0
[debug] [2023-06-19T09:24:23.059Z] Time:          Mon Jun 19 2023 14:54:23 GMT+0530 (India Standard Time)
[debug] [2023-06-19T09:24:23.059Z] ----------------------------------------------------------------------
[debug] 
[debug] [2023-06-19T09:24:23.131Z] > command requires scopes: ["email","openid","https://www.googleapis.com/auth/cloudplatformprojects.readonly","https://www.googleapis.com/auth/firebase","https://www.googleapis.com/auth/cloud-platform"]
[debug] [2023-06-19T09:24:23.131Z] > authorizing via signed-in user (kalaiselvan1623@gmail.com)
[debug] [2023-06-19T09:24:23.132Z] [iam] checking project intern-project-c3048 for permissions ["firebase.projects.get","firebasehosting.sites.update"]
[debug] [2023-06-19T09:24:23.133Z] > refreshing access token with scopes: []
[debug] [2023-06-19T09:24:23.136Z] >>> [apiv2][query] POST https://www.googleapis.com/oauth2/v3/token [none]
[debug] [2023-06-19T09:24:23.136Z] >>> [apiv2][body] POST https://www.googleapis.com/oauth2/v3/token [omitted]
[debug] [2023-06-19T09:24:23.672Z] <<< [apiv2][status] POST https://www.googleapis.com/oauth2/v3/token 200
[debug] [2023-06-19T09:24:23.673Z] <<< [apiv2][body] POST https://www.googleapis.com/oauth2/v3/token [omitted]
[debug] [2023-06-19T09:24:23.689Z] >>> [apiv2][query] POST https://cloudresourcemanager.googleapis.com/v1/projects/intern-project-c3048:testIamPermissions [none]
[debug] [2023-06-19T09:24:23.689Z] >>> [apiv2][(partial)header] POST https://cloudresourcemanager.googleapis.com/v1/projects/intern-project-c3048:testIamPermissions x-goog-quota-user=projects/intern-project-c3048
[debug] [2023-06-19T09:24:23.690Z] >>> [apiv2][body] POST https://cloudresourcemanager.googleapis.com/v1/projects/intern-project-c3048:testIamPermissions {"permissions":["firebase.projects.get","firebasehosting.sites.update"]}
[debug] [2023-06-19T09:24:25.503Z] <<< [apiv2][status] POST https://cloudresourcemanager.googleapis.com/v1/projects/intern-project-c3048:testIamPermissions 200
[debug] [2023-06-19T09:24:25.503Z] <<< [apiv2][body] POST https://cloudresourcemanager.googleapis.com/v1/projects/intern-project-c3048:testIamPermissions {"permissions":["firebase.projects.get","firebasehosting.sites.update"]}
[debug] [2023-06-19T09:24:25.509Z] >>> [apiv2][query] GET https://firebase.googleapis.com/v1beta1/projects/intern-project-c3048 [none]
[debug] [2023-06-19T09:24:29.081Z] <<< [apiv2][status] GET https://firebase.googleapis.com/v1beta1/projects/intern-project-c3048 200
[debug] [2023-06-19T09:24:29.081Z] <<< [apiv2][body] GET https://firebase.googleapis.com/v1beta1/projects/intern-project-c3048 {"projectId":"intern-project-c3048","projectNumber":"817664457001","displayName":"intern-project","name":"projects/intern-project-c3048","resources":{"hostingSite":"intern-project-c3048"},"state":"ACTIVE","etag":"1_545f649c-967c-4e0f-b040-db6cada2ec35"}
[info] 
[info] === Deploying to 'intern-project-c3048'...
[info] 
[info] i  deploying hosting 
[debug] [2023-06-19T09:24:29.113Z] >>> [apiv2][query] POST https://firebasehosting.googleapis.com/v1beta1/projects/-/sites/intern-project-c3048/versions [none]
[debug] [2023-06-19T09:24:29.113Z] >>> [apiv2][body] POST https://firebasehosting.googleapis.com/v1beta1/projects/-/sites/intern-project-c3048/versions {"status":"CREATED","labels":{"deployment-tool":"cli-firebase"}}
[debug] [2023-06-19T09:24:41.931Z] <<< [apiv2][status] POST https://firebasehosting.googleapis.com/v1beta1/projects/-/sites/intern-project-c3048/versions 200
[debug] [2023-06-19T09:24:41.932Z] <<< [apiv2][body] POST https://firebasehosting.googleapis.com/v1beta1/projects/-/sites/intern-project-c3048/versions {"name":"projects/817664457001/sites/intern-project-c3048/versions/89dce33844b2c4ef","status":"CREATED","config":{},"labels":{"deployment-tool":"cli-firebase"}}
[info] i  hosting[intern-project-c3048]: beginning deploy... 
[info] i  hosting[intern-project-c3048]: found 57 files in build 
[debug] [2023-06-19T09:24:42.016Z] [hosting] uploading with 200 concurrency
[debug] [2023-06-19T09:24:43.209Z] [hosting] hash cache [YnVpbGQ] stored for 57 files
[debug] [2023-06-19T09:24:43.211Z] [hosting][hash queue][FINAL] {"max":1025,"min":42,"avg":151.82456140350874,"active":0,"complete":57,"success":57,"errored":0,"retried":0,"total":57,"elapsed":1179}
[debug] [2023-06-19T09:24:43.213Z] >>> [apiv2][query] POST https://firebasehosting.googleapis.com/v1beta1/projects/817664457001/sites/intern-project-c3048/versions/89dce33844b2c4ef:populateFiles [none]
[debug] [2023-06-19T09:24:43.214Z] >>> [apiv2][body] POST https://firebasehosting.googleapis.com/v1beta1/projects/817664457001/sites/intern-project-c3048/versions/89dce33844b2c4ef:populateFiles {"files":{"/asset-manifest.json":"b98313861e1d8fd76156ef759503b75a6fe9a496d5639f0d955ced2b9041c18c","/favicon.ico":"c599b7a91ab3627e3538125d9f40adc2d4bf949046984262670545dc7738af06","/manifest.json":"0958a5e0c831126100c8c2d06a6bbaa665a3900f21aaff4130238a6f5a113aa1","/index.html":"2da77267d3cb97a964f186e9e21c22bb723981220e00c38dc0cbc2819dd2e89a","/robots.txt":"2544ca049f223a42bff01f72ad930a5edba75bbb7199d0f8430a02ff5aca16ec","/logo512.png":"7779210d56c1f3741e2e487799fe3092def4fa6ac450a60532b807c3a8971205","/logo192.png":"76c449ccb9cd117c2f2338f091b18f7050f3210e249b2228f5c81b23f34377cd","/assets/logo.png":"286514debc400865d07eda4256dc09c7d5c269194cdea5bcf99503ce7e03e857","/assets/Fonts/WEB/README.md":"005c2e086a004a2b958c0600892b988b7639701df92b575a4e7ab74aa813e947","/assets/Fonts/WEB/css/clash-display.css":"e92ef552775be7740f6e4a36da8a30fa1ae6ecabd1e01fc2105fa9af3e3ad9a3","/assets/Fonts/WEB/fonts/ClashDisplay-Bold.woff2":"89d184e6600d4d4b907ab7d84c39ab017a6a93cdfe3a95d5ec33a1b8813faf1d","/assets/Fonts/WEB/fonts/ClashDisplay-Extralight.woff2":"47f31ee420d3ff22cade6a5fec2b88e3320f629c331d71554a1ec7ab46d2b83c","/assets/Fonts/WEB/fonts/ClashDisplay-Light.woff2":"ab2c8f3e2d98d0dc90cbe4070a6dc9733a52234ee6297f9b4e3bb65931960fc6","/assets/Fonts/WEB/fonts/ClashDisplay-Medium.woff2":"8153cb380a5ba5c6b4adba0422d75cfab0c579eefcc29fb185c428e1886cfd48","/assets/Fonts/WEB/fonts/ClashDisplay-Regular.woff2":"d0c2857f7da81b86d9ad36c13c1c9c8e1863d7df745b757173c42953286f8089","/assets/Fonts/WEB/fonts/ClashDisplay-Semibold.woff2":"2bd47fe490bb21fa39a3b1d3773d2a0df02e92a4805a8ab4ef43090b4d31962f","/assets/Fonts/OTF/ClashDisplay-Bold.otf":"197c15547c0e2294599f498878fe9d10ccb09a4922d1b5ed41e0a703e49bef2f","/assets/Fonts/OTF/ClashDisplay-Light.otf":"d348fc4a435405c3da386e1dfbf37f198db2f8aab26722116df773dbc171755a","/assets/Fonts/OTF/ClashDisplay-Extralight.otf":"9600dcd0bf3ebfe7070bbd7ceea15f0a7938c9eb9e7c04759dba1a777ed93de0","/assets/Fonts/OTF/ClashDisplay-Medium.otf":"d807d0c3cb8359227d7a7dc2dce73291e5b8cfa7192fb0debf6106a83f7e259e","/assets/Fonts/OTF/ClashDisplay-Semibold.otf":"cea34097983367fc578d380b43571e8d97ee75297ae9d516983ce10f29edea63","/assets/Fonts/OTF/ClashDisplay-Regular.otf":"61dcb80eedb94cc26ac18a651442620677ff5101f83ac552c588de03752bd40a","/assets/Fonts/WEB/fonts/ClashDisplay-Bold.woff":"1075dcb335a43266e5b0b3c1f0dbb91421f1818ebb736b8d44d9173c392a1572","/assets/Fonts/WEB/fonts/ClashDisplay-Bold.eot":"d6a2b4398bab5061da61b4ffac433a4abb343b4c520e8a92e9bedfd9956f2f1d","/assets/Fonts/WEB/fonts/ClashDisplay-Bold.ttf":"fb1316e954bf91382ea3dc4cab4bdc64a0b912bcde0d44389265ff39456ac4aa","/assets/Fonts/WEB/fonts/ClashDisplay-Extralight.woff":"8987741ee73dd44eb2c1341d1f559020c7e501aa77a18cd155a2d67049f53b51","/assets/Fonts/WEB/fonts/ClashDisplay-Extralight.eot":"97f4fd97045d2e35a471a57ea6c572dc99cbd8200cad4d7144002e10316f5d27","/assets/Fonts/WEB/fonts/ClashDisplay-Extralight.ttf":"ad7a03d8800bf96bc84ebb769dcc3f72eac0e4135197510cefefa02a8dae8363","/assets/Fonts/WEB/fonts/ClashDisplay-Light.woff":"85afc9b7eb1aa880b8be1384e221c91452e64fef6ee1911cf0b86b553e12a298","/assets/Fonts/WEB/fonts/ClashDisplay-Light.ttf":"a04d3a2a335a4997edc702dc3bd4be227cf0ae7732c6c3795b45c45b7d5085af","/assets/Fonts/WEB/fonts/ClashDisplay-Medium.woff":"20ce495884cc92df21ad743eeb615429bac8c56429329a09003f38e849fe641c","/assets/Fonts/WEB/fonts/ClashDisplay-Light.eot":"64e417cfa402d5936d79939b36dc5f2270788be25bd3f94fef08258fb1c716ea","/assets/Fonts/WEB/fonts/ClashDisplay-Regular.woff":"1e1701da8c3dc8b0a96730b49b992efa38880042022cae6448b86196eade492f","/assets/Fonts/WEB/fonts/ClashDisplay-Medium.ttf":"9ecfd478ebd5e8b112e0501e8a44533ca00884f9e466c15f5f3bb8ea83418162","/assets/Fonts/WEB/fonts/ClashDisplay-Medium.eot":"3d17a7fa97e79cfbeaf06f9767b2b289c52fa9c6bd253e45454edee0d9d25c9c","/assets/Fonts/WEB/fonts/ClashDisplay-Semibold.woff":"e19336f8100ee8808b0d902e5cb6490431bb2da81227ecc8d0ce70af28bc05a8","/assets/Fonts/WEB/fonts/ClashDisplay-Regular.ttf":"340ac9ba062dc71bd7bcae44400f3071ef73398e148bd2a3e85551861ec95d87","/assets/Fonts/WEB/fonts/ClashDisplay-Regular.eot":"84ce31e3f2058079ae945c300fa9884a655457553a99c70f07fa84233b1aaa7d","/assets/Fonts/WEB/fonts/ClashDisplay-Semibold.ttf":"b7665c6ce854c71b116a3e574ff872a1677ba0bd758d138be4de2c4f4428c86d","/assets/Fonts/WEB/fonts/ClashDisplay-Semibold.eot":"709600526f3f96d092491cb3d23cc8441c25e0ff7b3cb15945be1028672d7e39","/assets/Fonts/WEB/fonts/ClashDisplay-Variable.woff":"5de0587a95f4761fd583c5120356a3cf37cdcb57682bb69a6c28b94e83ab9249","/assets/Fonts/WEB/fonts/ClashDisplay-Variable.woff2":"3cf0e5e8d3dbba252d27c778df08f7207c83f1a7f221dd721df67679d2740dd5","/assets/postImages/img02.png":"7668abac172ba78282762a51a065b12e77625e8ae4e49e0e0b2715c8e386f7bf","/assets/Fonts/Variable/ClashDisplay-Variable.ttf":"39f5b7bc6c4aa8fb64fc4b979abf04b8d57b3f2870651fb893b15b9ccf34c39b","/static/css/main.3d6e92fa.css":"a8ad1d41f0de9b1f56deb5f54f6c42b5bec83d2fdc7af0e4923b8ae636140fa0","/static/js/main.6fc07559.js.LICENSE.txt":"f9a829852c246c33a2e9cd44cc7cfb9bdc13d35a3ebeb78833bc2a0332eb65a4","/static/css/main.3d6e92fa.css.map":"2e1ad5f573b0839b6bb8ede6e412e8e5eb8c1d52bcb9dbd5bdb48edffe437252","/assets/Fonts/WEB/fonts/ClashDisplay-Variable.eot":"cefd95f255fc36eeb56d5de43a67e779a0ef27fc647cd265d1e7427b0d71c9f7","/assets/Fonts/WEB/fonts/ClashDisplay-Variable.ttf":"39f5b7bc6c4aa8fb64fc4b979abf04b8d57b3f2870651fb893b15b9ccf34c39b","/static/media/ClashDisplay-Variable.e7f67b72cbf79f80c9c7.ttf":"39f5b7bc6c4aa8fb64fc4b979abf04b8d57b3f2870651fb893b15b9ccf34c39b","/assets/postImages/img01.png":"07fe742ffab2a4af6d4dc290bac4ec260ae7fa12962906fcd3f798f91915960d","/assets/postImages/img03.png":"2199bc21e292937b1587323dc712eae4d07d68d68e34d8974a1966dd932fee76","/assets/postImages/img04.png":"828f0444f19508ca89abceed2d01d350da3f4ffe96dc97f8e3a3adc1bd475956","/static/js/main.6fc07559.js":"0225a0ca04b8de18a7d1a9a51120d9acbd7e21405dc9536d728ea9b8712f4e91","/assets/Ellipse_1.svg":"a3f4469177043a89818c379b2a1c484efe3086408ad8d40b405f686e1af0c856","/assets/postImages/internProject-master.zip":"edc44cbdd3fb82a8450f73aa312b13ddaf99ecc35213e16a222bc45bd53b9df5","/static/js/main.6fc07559.js.map":"477ee63fe086d4b63a65328bf25ce22624c0e918c7dcdd6b5ac77c415375c33c"}}
